<?xml version="1.0" encoding="UTF-8"?>
<testsuite xmlns:xsi="http://www.w3.org/2001/XMLSchema-instance" xsi:noNamespaceSchemaLocation="https://maven.apache.org/surefire/maven-surefire-plugin/xsd/surefire-test-report.xsd" name="TestClasses" time="4.309" tests="10" errors="0" skipped="0" failures="0">
  <properties>
[...]
</properties>
  <testcase name="testAITictactoeConstructor" classname="TestClasses" time="0.045"/>
  <testcase name="testNextStateConstructor" classname="TestClasses" time="0.135"/>
  <testcase name="testEvaluateWinning" classname="TestClasses" time="0"/>
  <testcase name="testPlay2" classname="TestClasses" time="1.608"/>
  <testcase name="testPlay3" classname="TestClasses" time="1.27"/>
  <testcase name="testPlay" classname="TestClasses" time="1.187"/>
  <testcase name="testEvaluateWinning2" classname="TestClasses" time="0.001"/>
  <testcase name="testSwitchBoard" classname="TestClasses" time="0.001"/>
  <testcase name="testSwitchBoard2" classname="TestClasses" time="0.001"/>
  <testcase name="testNextStateCall" classname="TestClasses" time="0.039"/>
</testsuite>